<?xml version="1.0" encoding="UTF-8"?>
<!-- Generated by org.testng.reporters.JUnitReportReporter -->
<testsuite skipped="0" hostname="Dell-PC" name="com.jbk.test.AddUserTest" tests="4" failures="0" timestamp="20 May 2021 08:46:15 GMT" time="82.743" errors="0">
  <testcase name="addUser" time="20.539" classname="com.jbk.test.AddUserTest"/>
  <testcase name="checkLabels" time="24.215" classname="com.jbk.test.AddUserTest"/>
  <testcase name="verifyStateList" time="16.389" classname="com.jbk.test.AddUserTest"/>
  <testcase name="verifyStateListThroughExcel" time="21.600" classname="com.jbk.test.AddUserTest"/>
</testsuite> <!-- com.jbk.test.AddUserTest -->
