<?xml version="1.0" encoding="UTF-8"?>
<!-- Generated by org.testng.reporters.JUnitReportReporter -->
<testsuite skipped="0" hostname="Dell-PC" name="com.jbk.test.DashboardTest" tests="1" failures="0" timestamp="10 May 2021 15:13:19 GMT" time="24.428" errors="0">
  <testcase name="validate_Courses" time="24.428" classname="com.jbk.test.DashboardTest"/>
</testsuite> <!-- com.jbk.test.DashboardTest -->
