<?xml version="1.0" encoding="UTF-8"?>
<!-- Generated by org.testng.reporters.JUnitReportReporter -->
<testsuite name="com.jbk.test.LoginTest" tests="1" time="51.148" ignored="4" failures="0" timestamp="24 May 2021 13:49:53 GMT" skipped="0" hostname="Dell-PC" errors="0">
  <testcase name="validateTilte" time="51.148" classname="com.jbk.test.LoginTest"/>
  <testcase name="validateHeadingTest" classname="com.jbk.test.LoginTest">
    <skipped/>
  </testcase> <!-- validateHeadingTest -->
  <testcase name="validateSubHeading" classname="com.jbk.test.LoginTest">
    <skipped/>
  </testcase> <!-- validateSubHeading -->
  <testcase name="validate_SessionHeading" classname="com.jbk.test.LoginTest">
    <skipped/>
  </testcase> <!-- validate_SessionHeading -->
  <testcase name="validate_WrongEmailAddress" classname="com.jbk.test.LoginTest">
    <skipped/>
  </testcase> <!-- validate_WrongEmailAddress -->
</testsuite> <!-- com.jbk.test.LoginTest -->
