<?xml version="1.0" encoding="UTF-8"?>
<!-- Generated by org.testng.reporters.JUnitReportReporter -->
<testsuite skipped="0" hostname="Dell-PC" name="com.jbk.ExcelRead.jxl.ExcelPage" tests="1" failures="0" timestamp="14 May 2021 07:00:58 GMT" time="1.060" errors="0">
  <testcase name="LoginExcelPage" time="1.060" classname="com.jbk.ExcelRead.jxl.ExcelPage"/>
</testsuite> <!-- com.jbk.ExcelRead.jxl.ExcelPage -->
