<?xml version="1.0" encoding="UTF-8"?>
<!-- Generated by org.testng.reporters.JUnitReportReporter -->
<testsuite name="com.jbk.test.DashboardTest" tests="21" time="31.148" ignored="1" failures="0" timestamp="27 May 2021 07:07:23 GMT" skipped="0" hostname="Dell-PC" errors="0">
  <testcase name="checkImage" time="0.203" classname="com.jbk.test.DashboardTest"/>
  <testcase name="checkSeqHomeDash" time="0.078" classname="com.jbk.test.DashboardTest"/>
  <testcase name="checkLeftCornerHeading" time="0.094" classname="com.jbk.test.DashboardTest"/>
  <testcase name="clickOperatorsAndVerifyTitle" time="1.358" classname="com.jbk.test.DashboardTest"/>
  <testcase name="clickUsersAndVerifyTitle" time="1.377" classname="com.jbk.test.DashboardTest"/>
  <testcase name="verifyCourseSubHeading" time="0.624" classname="com.jbk.test.DashboardTest"/>
  <testcase name="clickDownloadsAndVerifyTitle" time="2.053" classname="com.jbk.test.DashboardTest"/>
  <testcase name="checkCourses" time="0.219" classname="com.jbk.test.DashboardTest"/>
  <testcase name="checkUrl" time="0.946" classname="com.jbk.test.DashboardTest"/>
  <testcase name="checkSubHeading" time="0.091" classname="com.jbk.test.DashboardTest"/>
  <testcase name="checkTitle" time="0.064" classname="com.jbk.test.DashboardTest"/>
  <testcase name="checkHeading" time="0.122" classname="com.jbk.test.DashboardTest"/>
  <testcase name="verifyUserStatus" time="0.093" classname="com.jbk.test.DashboardTest"/>
  <testcase name="verifyCourseHeading" time="0.729" classname="com.jbk.test.DashboardTest"/>
  <testcase name="verifyTitleOnLogout" time="0.483" classname="com.jbk.test.DashboardTest"/>
  <testcase name="checkSubcourse" time="0.234" classname="com.jbk.test.DashboardTest"/>
  <testcase name="verifyNavigationMenuText" time="0.298" classname="com.jbk.test.DashboardTest"/>
  <testcase name="verifyJBK_Link" time="18.051" classname="com.jbk.test.DashboardTest"/>
  <testcase name="verifyFooterStatement" time="0.093" classname="com.jbk.test.DashboardTest"/>
  <testcase name="clickUsefulLinkAndVerifyTitle" time="1.321" classname="com.jbk.test.DashboardTest"/>
  <testcase name="verifyCoursesMoreinfo" time="2.617" classname="com.jbk.test.DashboardTest"/>
  <testcase name="windowHandle" classname="com.jbk.test.DashboardTest">
    <skipped/>
  </testcase> <!-- windowHandle -->
</testsuite> <!-- com.jbk.test.DashboardTest -->
