<?xml version="1.0" encoding="UTF-8"?>
<!-- Generated by org.testng.reporters.JUnitReportReporter -->
<testsuite name="com.jbk.test.DownloadTest" tests="19" time="7.271" ignored="0" failures="0" timestamp="27 May 2021 07:08:13 GMT" skipped="0" hostname="Dell-PC" errors="0">
  <testcase name="checkNavigation" time="0.203" classname="com.jbk.test.DownloadTest"/>
  <testcase name="verifyNmsForCommanColumnBlankEntry" time="0.343" classname="com.jbk.test.DownloadTest"/>
  <testcase name="verifyVendorForOfficialWebsiteColumn" time="0.561" classname="com.jbk.test.DownloadTest"/>
  <testcase name="verifyUserStatus" time="0.064" classname="com.jbk.test.DownloadTest"/>
  <testcase name="leftCornerHeading" time="0.062" classname="com.jbk.test.DownloadTest"/>
  <testcase name="checkImage" time="0.141" classname="com.jbk.test.DownloadTest"/>
  <testcase name="verifyHeading" time="0.055" classname="com.jbk.test.DownloadTest"/>
  <testcase name="verifyNmsFor64bitBtn" time="0.421" classname="com.jbk.test.DownloadTest"/>
  <testcase name="verifySubHeading" time="0.063" classname="com.jbk.test.DownloadTest"/>
  <testcase name="verifyFooter" time="0.078" classname="com.jbk.test.DownloadTest"/>
  <testcase name="verifyTitle" time="0.017" classname="com.jbk.test.DownloadTest"/>
  <testcase name="verifyNmsForCommanBtnAndOtherBtn" time="0.471" classname="com.jbk.test.DownloadTest"/>
  <testcase name="verifyComplete_DownloadsTable" time="1.779" classname="com.jbk.test.DownloadTest"/>
  <testcase name="checkRightCornerHeading" time="0.062" classname="com.jbk.test.DownloadTest"/>
  <testcase name="verifyNmsFor32bitBtn" time="0.484" classname="com.jbk.test.DownloadTest"/>
  <testcase name="headingOfTable" time="1.936" classname="com.jbk.test.DownloadTest"/>
  <testcase name="verifyVendorForVersion76" time="0.333" classname="com.jbk.test.DownloadTest"/>
  <testcase name="verifyUrl" time="0.120" classname="com.jbk.test.DownloadTest"/>
  <testcase name="checkLeftCornerHeading" time="0.078" classname="com.jbk.test.DownloadTest"/>
</testsuite> <!-- com.jbk.test.DownloadTest -->
