<?xml version="1.0" encoding="UTF-8"?>
<!-- Generated by org.testng.reporters.JUnitReportReporter -->
<testsuite name="com.jbk.test.UsefulLinkTest" tests="17" time="47.170" ignored="0" failures="0" timestamp="27 May 2021 07:27:03 GMT" skipped="0" hostname="Dell-PC" errors="0">
  <testcase name="verifyClickGO" time="29.062" classname="com.jbk.test.UsefulLinkTest"/>
  <testcase name="verifyDataPresentInTable" time="0.874" classname="com.jbk.test.UsefulLinkTest"/>
  <testcase name="leftCornerHeading" time="0.094" classname="com.jbk.test.UsefulLinkTest"/>
  <testcase name="checkRightCornerHeading" time="0.093" classname="com.jbk.test.UsefulLinkTest"/>
  <testcase name="verifyContentForClickGo" time="0.847" classname="com.jbk.test.UsefulLinkTest"/>
  <testcase name="verifyHeading" time="0.093" classname="com.jbk.test.UsefulLinkTest"/>
  <testcase name="checkNavigation" time="0.297" classname="com.jbk.test.UsefulLinkTest"/>
  <testcase name="verifySubHeading" time="0.078" classname="com.jbk.test.UsefulLinkTest"/>
  <testcase name="verifyFooter" time="0.093" classname="com.jbk.test.UsefulLinkTest"/>
  <testcase name="verifyTitle" time="0.016" classname="com.jbk.test.UsefulLinkTest"/>
  <testcase name="verifyUserStatus" time="0.078" classname="com.jbk.test.UsefulLinkTest"/>
  <testcase name="checkHeadersOfTable" time="1.794" classname="com.jbk.test.UsefulLinkTest"/>
  <testcase name="verifyClickGoExcel" time="12.334" classname="com.jbk.test.UsefulLinkTest"/>
  <testcase name="verifyComplete_UsefulLinksTable" time="1.090" classname="com.jbk.test.UsefulLinkTest"/>
  <testcase name="checkImage" time="0.187" classname="com.jbk.test.UsefulLinkTest"/>
  <testcase name="verifyUrl" time="0.031" classname="com.jbk.test.UsefulLinkTest"/>
  <testcase name="checkLeftCornerHeading" time="0.109" classname="com.jbk.test.UsefulLinkTest"/>
</testsuite> <!-- com.jbk.test.UsefulLinkTest -->
