<?xml version="1.0" encoding="UTF-8"?>
<!-- Generated by org.testng.reporters.JUnitReportReporter -->
<testsuite name="com.jbk.test.UsersTest" tests="10" time="0.016" ignored="1" failures="0" timestamp="27 May 2021 07:02:23 GMT" skipped="10" hostname="Dell-PC" errors="0">
  <testcase name="verifyHeadingsAl" time="0.000" classname="com.jbk.test.UsersTest">
    <skipped/>
  </testcase> <!-- verifyHeadingsAl -->
  <testcase name="verifyMobNoLength" time="0.000" classname="com.jbk.test.UsersTest">
    <skipped/>
  </testcase> <!-- verifyMobNoLength -->
  <testcase name="verifyClickDeleteAlertMsg" time="0.016" classname="com.jbk.test.UsersTest">
    <skipped/>
  </testcase> <!-- verifyClickDeleteAlertMsg -->
  <testcase name="verifyStateMaharashtra" time="0.000" classname="com.jbk.test.UsersTest">
    <skipped/>
  </testcase> <!-- verifyStateMaharashtra -->
  <testcase name="verifyUnameInOrder" time="0.000" classname="com.jbk.test.UsersTest">
    <skipped/>
  </testcase> <!-- verifyUnameInOrder -->
  <testcase name="verifyComplete_UsersTable" time="0.000" classname="com.jbk.test.UsersTest">
    <skipped/>
  </testcase> <!-- verifyComplete_UsersTable -->
  <testcase name="verifyToolTip" time="0.000" classname="com.jbk.test.UsersTest">
    <skipped/>
  </testcase> <!-- verifyToolTip -->
  <testcase name="verifyMaleGender" time="0.000" classname="com.jbk.test.UsersTest">
    <skipped/>
  </testcase> <!-- verifyMaleGender -->
  <testcase name="verifySeleniumFaculty" time="0.000" classname="com.jbk.test.UsersTest">
    <skipped/>
  </testcase> <!-- verifySeleniumFaculty -->
  <testcase name="verifyGmail_com" time="0.000" classname="com.jbk.test.UsersTest">
    <skipped/>
  </testcase> <!-- verifyGmail_com -->
  <testcase name="windowHandle" classname="com.jbk.test.DashboardTest">
    <skipped/>
  </testcase> <!-- windowHandle -->
</testsuite> <!-- com.jbk.test.UsersTest -->
