<?xml version="1.0" encoding="UTF-8"?>
<!-- Generated by org.testng.reporters.JUnitReportReporter -->
<testsuite name="com.jbk.test.OperatorTest" tests="8" time="65.250" ignored="0" failures="0" timestamp="27 May 2021 07:13:01 GMT" skipped="0" hostname="Dell-PC" errors="0">
  <testcase name="verifyPrefferedWayToConnect_WhatsApp_And_PhoneCall" time="7.992" classname="com.jbk.test.OperatorTest"/>
  <testcase name="verifyFacultiesNotAvailableOnSunday" time="7.240" classname="com.jbk.test.OperatorTest"/>
  <testcase name="verifyPrefferedWayToConnect_WhatsApp_ButNot_PhoneCall" time="8.025" classname="com.jbk.test.OperatorTest"/>
  <testcase name="verifyFacultiesAvailableOnMonday" time="7.770" classname="com.jbk.test.OperatorTest"/>
  <testcase name="verifycontactNoLength" time="7.704" classname="com.jbk.test.OperatorTest"/>
  <testcase name="verifyPrefferedWayToConnect_PhoneCall" time="7.514" classname="com.jbk.test.OperatorTest"/>
  <testcase name="verifyNamesInAlphabeticalOrder" time="10.485" classname="com.jbk.test.OperatorTest"/>
  <testcase name="verifyPrefferedWayToConnect_WhatsApp" time="8.520" classname="com.jbk.test.OperatorTest"/>
</testsuite> <!-- com.jbk.test.OperatorTest -->
