<?xml version="1.0" encoding="UTF-8"?>
<!-- Generated by org.testng.reporters.JUnitReportReporter -->
<testsuite name="com.jbk.test.UserTest" tests="33" time="6.563" ignored="0" failures="0" timestamp="27 May 2021 07:44:52 GMT" skipped="0" hostname="Dell-PC" errors="0">
  <testcase name="checkToolTipMsg" time="0.140" classname="com.jbk.test.UserTest"/>
  <testcase name="secondAlertMsgForDltBtn2And4" time="0.168" classname="com.jbk.test.UserTest"/>
  <testcase name="verifyTeacherNameForSelenium" time="0.094" classname="com.jbk.test.UserTest"/>
  <testcase name="verifyNamesOfMaleTeacher" time="0.171" classname="com.jbk.test.UserTest"/>
  <testcase name="verifyTeacherNameForPHP" time="0.109" classname="com.jbk.test.UserTest"/>
  <testcase name="verifyUserStatus" time="0.047" classname="com.jbk.test.UserTest"/>
  <testcase name="verifyPersonNamesFromMaharashtra" time="0.156" classname="com.jbk.test.UserTest"/>
  <testcase name="verifyFooter" time="0.047" classname="com.jbk.test.UserTest"/>
  <testcase name="readUserTableData" time="0.999" classname="com.jbk.test.UserTest"/>
  <testcase name="alertMsgForDeleteBtn2and4AfterDismissingAlert" time="0.187" classname="com.jbk.test.UserTest"/>
  <testcase name="checkImage" time="0.072" classname="com.jbk.test.UserTest"/>
  <testcase name="checkLeftCornerHeading" time="0.047" classname="com.jbk.test.UserTest"/>
  <testcase name="verifyTeacherNameForPython" time="0.125" classname="com.jbk.test.UserTest"/>
  <testcase name="verifyComplete_UsersTable" time="0.809" classname="com.jbk.test.UserTest"/>
  <testcase name="checkNavigation" time="0.141" classname="com.jbk.test.UserTest"/>
  <testcase name="sortingNames" time="0.094" classname="com.jbk.test.UserTest"/>
  <testcase name="verifyAddUserTitle" time="0.392" classname="com.jbk.test.UserTest"/>
  <testcase name="verifyPersonNamesFromPunjab" time="0.140" classname="com.jbk.test.UserTest"/>
  <testcase name="verifyTitle" time="0.016" classname="com.jbk.test.UserTest"/>
  <testcase name="properIncrementationOfSrno" time="0.078" classname="com.jbk.test.UserTest"/>
  <testcase name="verifySubHeading" time="0.047" classname="com.jbk.test.UserTest"/>
  <testcase name="checkRightCornerHeading" time="0.047" classname="com.jbk.test.UserTest"/>
  <testcase name="verifyUrl" time="0.014" classname="com.jbk.test.UserTest"/>
  <testcase name="checkLeftCornerMainHeading" time="0.062" classname="com.jbk.test.UserTest"/>
  <testcase name="verifyHeading" time="0.047" classname="com.jbk.test.UserTest"/>
  <testcase name="verifyTeacherNameForJava" time="0.109" classname="com.jbk.test.UserTest"/>
  <testcase name="VerifyEmails" time="0.157" classname="com.jbk.test.UserTest"/>
  <testcase name="verifyMobileNoOfTenDigit" time="0.150" classname="com.jbk.test.UserTest"/>
  <testcase name="verifyActionText" time="0.078" classname="com.jbk.test.UserTest"/>
  <testcase name="alertMsgForDeleteBtn1and3" time="0.242" classname="com.jbk.test.UserTest"/>
  <testcase name="headingOfTable" time="1.248" classname="com.jbk.test.UserTest"/>
  <testcase name="verifyNamesOfFemaleTeacher" time="0.158" classname="com.jbk.test.UserTest"/>
  <testcase name="verifyMobileNoOfNineDigit" time="0.172" classname="com.jbk.test.UserTest"/>
</testsuite> <!-- com.jbk.test.UserTest -->
