<?xml version="1.0" encoding="UTF-8"?>
<!-- Generated by org.testng.reporters.JUnitReportReporter -->
<testsuite name="com.jbk.test.AddUserTest" tests="4" time="79.439" ignored="0" failures="0" timestamp="27 May 2021 07:05:44 GMT" skipped="0" hostname="Dell-PC" errors="0">
  <testcase name="verifyStateList" time="17.898" classname="com.jbk.test.AddUserTest"/>
  <testcase name="verifyStateListThroughExcel" time="20.931" classname="com.jbk.test.AddUserTest"/>
  <testcase name="checkLabels" time="17.745" classname="com.jbk.test.AddUserTest"/>
  <testcase name="addUser" time="22.865" classname="com.jbk.test.AddUserTest"/>
</testsuite> <!-- com.jbk.test.AddUserTest -->
