<?xml version="1.0" encoding="UTF-8"?>
<!-- Generated by org.testng.reporters.JUnitReportReporter -->
<testsuite name="com.jbk.test.OperatorsTest" tests="10" time="0.000" ignored="1" failures="0" timestamp="27 May 2021 07:02:23 GMT" skipped="9" hostname="Dell-PC" errors="1">
  <testcase name="verifyComplete_OperatorsTable" time="0.000" classname="com.jbk.test.OperatorsTest">
    <skipped/>
  </testcase> <!-- verifyComplete_OperatorsTable -->
  <testcase name="verifyPrefferedWayToConnect_WhatsApp_ButNot_PhoneCall" time="0.000" classname="com.jbk.test.OperatorsTest">
    <skipped/>
  </testcase> <!-- verifyPrefferedWayToConnect_WhatsApp_ButNot_PhoneCall -->
  <testcase name="verifyPrefferedWayToConnect_PhoneCall" time="0.000" classname="com.jbk.test.OperatorsTest">
    <skipped/>
  </testcase> <!-- verifyPrefferedWayToConnect_PhoneCall -->
  <testcase name="verifyFacultiesNotAvailableOnSunday" time="0.000" classname="com.jbk.test.OperatorsTest">
    <skipped/>
  </testcase> <!-- verifyFacultiesNotAvailableOnSunday -->
  <testcase name="verifyNamesInAlphabeticalOrder" time="0.000" classname="com.jbk.test.OperatorsTest">
    <skipped/>
  </testcase> <!-- verifyNamesInAlphabeticalOrder -->
  <testcase name="verifyFacultiesAvailableOnMonday" time="0.000" classname="com.jbk.test.OperatorsTest">
    <skipped/>
  </testcase> <!-- verifyFacultiesAvailableOnMonday -->
  <testcase name="OperatorsPg" time="0.000" classname="com.jbk.test.OperatorsTest">
    <error type="java.lang.NoSuchMethodError" message="com.jbk.pages.LoginPage.navigateToDashboardPg()Lcom/jbk/pages/DashboardPage;">
      <![CDATA[java.lang.NoSuchMethodError: com.jbk.pages.LoginPage.navigateToDashboardPg()Lcom/jbk/pages/DashboardPage;
	at com.jbk.test.OperatorsTest.OperatorsPg(OperatorsTest.java:21)
	at sun.reflect.NativeMethodAccessorImpl.invoke0(Native Method)
	at sun.reflect.NativeMethodAccessorImpl.invoke(NativeMethodAccessorImpl.java:62)
	at sun.reflect.DelegatingMethodAccessorImpl.invoke(DelegatingMethodAccessorImpl.java:43)
	at java.lang.reflect.Method.invoke(Method.java:498)
	at org.testng.internal.MethodInvocationHelper.invokeMethod(MethodInvocationHelper.java:104)
	at org.testng.internal.Invoker.invokeConfigurationMethod(Invoker.java:515)
	at org.testng.internal.Invoker.invokeConfigurations(Invoker.java:217)
	at org.testng.internal.Invoker.invokeConfigurations(Invoker.java:144)
	at org.testng.SuiteRunner.privateRun(SuiteRunner.java:326)
	at org.testng.SuiteRunner.run(SuiteRunner.java:289)
	at org.testng.SuiteRunnerWorker.runSuite(SuiteRunnerWorker.java:52)
	at org.testng.SuiteRunnerWorker.run(SuiteRunnerWorker.java:86)
	at org.testng.TestNG.runSuitesSequentially(TestNG.java:1293)
	at org.testng.TestNG.runSuitesLocally(TestNG.java:1218)
	at org.testng.TestNG.runSuites(TestNG.java:1133)
	at org.testng.TestNG.run(TestNG.java:1104)
	at org.testng.remote.AbstractRemoteTestNG.run(AbstractRemoteTestNG.java:132)
	at org.testng.remote.RemoteTestNG.initAndRun(RemoteTestNG.java:236)
	at org.testng.remote.RemoteTestNG.main(RemoteTestNG.java:81)
]]>
    </error>
  </testcase> <!-- OperatorsPg -->
  <testcase name="verifyPrefferedWayToConnect_WhatsApp" time="0.000" classname="com.jbk.test.OperatorsTest">
    <skipped/>
  </testcase> <!-- verifyPrefferedWayToConnect_WhatsApp -->
  <testcase name="verifyPrefferedWayToConnect_WhatsApp_And_PhoneCall" time="0.000" classname="com.jbk.test.OperatorsTest">
    <skipped/>
  </testcase> <!-- verifyPrefferedWayToConnect_WhatsApp_And_PhoneCall -->
  <testcase name="verifycontactNoLength" time="0.000" classname="com.jbk.test.OperatorsTest">
    <skipped/>
  </testcase> <!-- verifycontactNoLength -->
  <testcase name="windowHandle" classname="com.jbk.test.DashboardTest">
    <skipped/>
  </testcase> <!-- windowHandle -->
</testsuite> <!-- com.jbk.test.OperatorsTest -->
