<?xml version="1.0" encoding="UTF-8"?>
<!-- Generated by org.testng.reporters.JUnitReportReporter -->
<testsuite name="com.jbk.test.RegisterTest" tests="8" time="3.061" ignored="0" failures="0" timestamp="27 May 2021 07:16:47 GMT" skipped="0" hostname="Dell-PC" errors="0">
  <testcase name="verifyUrl" time="0.023" classname="com.jbk.test.RegisterTest"/>
  <testcase name="verifyAlreadyMemberText" time="0.094" classname="com.jbk.test.RegisterTest"/>
  <testcase name="verifyValidSignIn" time="1.467" classname="com.jbk.test.RegisterTest"/>
  <testcase name="verifyPlaceholders" time="0.196" classname="com.jbk.test.RegisterTest"/>
  <testcase name="verifyBlankSignIn" time="0.314" classname="com.jbk.test.RegisterTest"/>
  <testcase name="verifyAlreadyMemberLink" time="0.858" classname="com.jbk.test.RegisterTest"/>
  <testcase name="verifyTitle" time="0.031" classname="com.jbk.test.RegisterTest"/>
  <testcase name="verifyHeading" time="0.078" classname="com.jbk.test.RegisterTest"/>
</testsuite> <!-- com.jbk.test.RegisterTest -->
