<?xml version="1.0" encoding="UTF-8"?>
<!-- Generated by org.testng.reporters.JUnitReportReporter -->
<testsuite skipped="1" hostname="Dell-PC" name="com.jbk.test.DashboardTest" tests="1" failures="0" timestamp="26 May 2021 06:37:18 GMT" time="0.000" errors="0">
  <testcase name="checkUrl" time="0.000" classname="com.jbk.test.DashboardTest">
    <skipped/>
  </testcase> <!-- checkUrl -->
</testsuite> <!-- com.jbk.test.DashboardTest -->
